::1 - - [10/Jul/2020:15:07:26 -0300] "GET / HTTP/1.1" 200 1923
::1 - - [10/Jul/2020:15:09:10 -0300] "GET /cadastro.php HTTP/1.1" 200 1768
::1 - - [10/Jul/2020:15:24:57 -0300] "GET / HTTP/1.1" 200 1923
::1 - - [10/Jul/2020:15:25:21 -0300] "GET /cadastro.php HTTP/1.1" 200 1768
::1 - - [10/Jul/2020:15:25:29 -0300] "POST /cadastroAction.php HTTP/1.1" 200 711
::1 - - [10/Jul/2020:15:26:32 -0300] "GET /index.php HTTP/1.1" 200 1923
::1 - - [10/Jul/2020:15:28:29 -0300] "GET /listar.php HTTP/1.1" 200 1687
::1 - - [10/Jul/2020:15:29:08 -0300] "GET /index.php HTTP/1.1" 200 1923
::1 - - [10/Jul/2020:15:29:09 -0300] "GET /cadastro.php HTTP/1.1" 200 1768
::1 - - [10/Jul/2020:15:29:14 -0300] "GET /index.php HTTP/1.1" 200 1923
::1 - - [10/Jul/2020:15:29:18 -0300] "GET /listar.php HTTP/1.1" 200 1685
::1 - - [10/Jul/2020:15:30:57 -0300] "GET /index.php HTTP/1.1" 200 1923
::1 - - [10/Jul/2020:15:30:59 -0300] "GET /listar.php HTTP/1.1" 200 1685
::1 - - [10/Jul/2020:15:31:02 -0300] "GET /excluir.php?id=1&nome=Mouse&preco=150&quantidade=4 HTTP/1.1" 200 1825
::1 - - [10/Jul/2020:15:31:54 -0300] "GET /excluir.php?id=1&nome=Mouse&preco=150&quantidade=4 HTTP/1.1" 200 1833
::1 - - [10/Jul/2020:15:50:45 -0300] "GET / HTTP/1.1" 200 351
::1 - - [10/Jul/2020:15:50:45 -0300] "GET /favicon.ico HTTP/1.1" 404 209
::1 - - [10/Jul/2020:15:50:47 -0300] "GET /megulhandoNoTemaComPreparacao/ HTTP/1.1" 200 1923
::1 - - [10/Jul/2020:15:50:51 -0300] "GET /megulhandoNoTemaComPreparacao/listar.php HTTP/1.1" 200 1685
::1 - - [10/Jul/2020:15:50:53 -0300] "GET /megulhandoNoTemaComPreparacao/excluir.php?id=1&nome=Mouse&preco=150&quantidade=4 HTTP/1.1" 200 1833
::1 - - [10/Jul/2020:15:50:55 -0300] "POST /megulhandoNoTemaComPreparacao/excluirAction.php HTTP/1.1" 200 1236
::1 - - [10/Jul/2020:15:51:38 -0300] "POST /megulhandoNoTemaComPreparacao/excluirAction.php HTTP/1.1" 200 956
::1 - - [10/Jul/2020:15:51:50 -0300] "GET /megulhandoNoTemaComPreparacao/listar.php HTTP/1.1" 200 1369
::1 - - [10/Jul/2020:15:52:14 -0300] "GET /megulhandoNoTemaComPreparacao/index.php HTTP/1.1" 200 1923
::1 - - [10/Jul/2020:15:52:15 -0300] "GET /megulhandoNoTemaComPreparacao/cadastro.php HTTP/1.1" 200 1768
::1 - - [10/Jul/2020:15:52:18 -0300] "POST /megulhandoNoTemaComPreparacao/cadastroAction.php HTTP/1.1" 200 711
::1 - - [10/Jul/2020:15:52:19 -0300] "GET /megulhandoNoTemaComPreparacao/index.php HTTP/1.1" 200 1923
::1 - - [10/Jul/2020:15:52:20 -0300] "GET /megulhandoNoTemaComPreparacao/listar.php HTTP/1.1" 200 1667
::1 - - [10/Jul/2020:15:52:23 -0300] "GET /megulhandoNoTemaComPreparacao/excluir.php?id=2&nome=a&preco=1&quantidade=1 HTTP/1.1" 200 1827
::1 - - [10/Jul/2020:15:52:24 -0300] "POST /megulhandoNoTemaComPreparacao/excluirAction.php HTTP/1.1" 200 956
::1 - - [10/Jul/2020:15:52:29 -0300] "GET /megulhandoNoTemaComPreparacao/listar.php HTTP/1.1" 200 1369
::1 - - [10/Jul/2020:15:53:32 -0300] "GET /megulhandoNoTemaComPreparacao/index.php HTTP/1.1" 200 1923
::1 - - [10/Jul/2020:15:53:33 -0300] "GET /megulhandoNoTemaComPreparacao/cadastro.php HTTP/1.1" 200 1768
::1 - - [10/Jul/2020:15:53:35 -0300] "POST /megulhandoNoTemaComPreparacao/cadastroAction.php HTTP/1.1" 200 711
::1 - - [10/Jul/2020:15:53:36 -0300] "GET /megulhandoNoTemaComPreparacao/index.php HTTP/1.1" 200 1923
::1 - - [10/Jul/2020:15:53:37 -0300] "GET /megulhandoNoTemaComPreparacao/listar.php HTTP/1.1" 200 1667
::1 - - [10/Jul/2020:15:53:39 -0300] "GET /megulhandoNoTemaComPreparacao/excluir.php?id=3&nome=1&preco=1&quantidade=1 HTTP/1.1" 200 1827
::1 - - [10/Jul/2020:15:53:40 -0300] "POST /megulhandoNoTemaComPreparacao/excluirAction.php HTTP/1.1" 200 956
::1 - - [10/Jul/2020:15:54:47 -0300] "GET /megulhandoNoTemaComPreparacao/index.php HTTP/1.1" 200 1923
::1 - - [10/Jul/2020:15:54:50 -0300] "GET /megulhandoNoTemaComPreparacao/cadastro.php HTTP/1.1" 200 1768
::1 - - [10/Jul/2020:15:54:56 -0300] "POST /megulhandoNoTemaComPreparacao/cadastroAction.php HTTP/1.1" 200 711
::1 - - [10/Jul/2020:15:54:58 -0300] "GET /megulhandoNoTemaComPreparacao/index.php HTTP/1.1" 200 1923
::1 - - [10/Jul/2020:15:55:00 -0300] "GET /megulhandoNoTemaComPreparacao/listar.php HTTP/1.1" 200 1667
::1 - - [10/Jul/2020:15:55:02 -0300] "GET /megulhandoNoTemaComPreparacao/excluir.php?id=4&nome=a&preco=1&quantidade=1 HTTP/1.1" 200 1827
::1 - - [10/Jul/2020:15:55:04 -0300] "POST /megulhandoNoTemaComPreparacao/excluirAction.php HTTP/1.1" 200 728
::1 - - [10/Jul/2020:15:55:05 -0300] "GET /megulhandoNoTemaComPreparacao/listar.php HTTP/1.1" 200 1369
::1 - - [10/Jul/2020:16:04:27 -0300] "GET /megulhandoNoTemaComPreparacao/index.php HTTP/1.1" 200 1923
::1 - - [10/Jul/2020:16:04:28 -0300] "GET /megulhandoNoTemaComPreparacao/cadastro.php HTTP/1.1" 200 1768
::1 - - [10/Jul/2020:16:04:35 -0300] "POST /megulhandoNoTemaComPreparacao/cadastroAction.php HTTP/1.1" 200 711
::1 - - [10/Jul/2020:16:04:37 -0300] "GET /megulhandoNoTemaComPreparacao/index.php HTTP/1.1" 200 1923
::1 - - [10/Jul/2020:16:04:39 -0300] "GET /megulhandoNoTemaComPreparacao/listar.php HTTP/1.1" 200 1667
::1 - - [10/Jul/2020:16:04:40 -0300] "GET /megulhandoNoTemaComPreparacao/excluir.php?id=5&nome=1&preco=1&quantidade=1 HTTP/1.1" 200 1827
::1 - - [10/Jul/2020:16:04:42 -0300] "POST /megulhandoNoTemaComPreparacao/excluirAction.php HTTP/1.1" 200 718
::1 - - [10/Jul/2020:16:05:48 -0300] "GET /megulhandoNoTemaComPreparacao/index.php HTTP/1.1" 200 1923
::1 - - [10/Jul/2020:16:05:52 -0300] "GET /megulhandoNoTemaComPreparacao/cadastro.php HTTP/1.1" 200 1768
::1 - - [10/Jul/2020:16:05:58 -0300] "POST /megulhandoNoTemaComPreparacao/cadastroAction.php HTTP/1.1" 200 711
::1 - - [10/Jul/2020:16:05:59 -0300] "GET /megulhandoNoTemaComPreparacao/index.php HTTP/1.1" 200 1923
::1 - - [10/Jul/2020:16:06:00 -0300] "GET /megulhandoNoTemaComPreparacao/listar.php HTTP/1.1" 200 1685
::1 - - [10/Jul/2020:16:06:01 -0300] "GET /megulhandoNoTemaComPreparacao/atualizar.php?id=6&nome=Mouse&preco=150&quantidade=4 HTTP/1.1" 200 1766
::1 - - [10/Jul/2020:16:10:56 -0300] "GET /atualizar.php?id=1&nome=Mouse&preco=150&quantidade=4 HTTP/1.1" 404 211
::1 - - [10/Jul/2020:16:11:03 -0300] "GET / HTTP/1.1" 200 351
::1 - - [10/Jul/2020:16:11:05 -0300] "GET /megulhandoNoTemaComPreparacao/ HTTP/1.1" 200 1923
::1 - - [10/Jul/2020:16:11:06 -0300] "GET /megulhandoNoTemaComPreparacao/listar.php HTTP/1.1" 200 1685
::1 - - [10/Jul/2020:16:11:07 -0300] "GET /megulhandoNoTemaComPreparacao/atualizar.php?id=6&nome=Mouse&preco=150&quantidade=4 HTTP/1.1" 200 1766
::1 - - [10/Jul/2020:16:11:11 -0300] "POST /megulhandoNoTemaComPreparacao/atualizarAction.php HTTP/1.1" 200 203
::1 - - [10/Jul/2020:16:11:23 -0300] "POST /megulhandoNoTemaComPreparacao/atualizarAction.php HTTP/1.1" 200 740
::1 - - [10/Jul/2020:16:11:27 -0300] "GET /megulhandoNoTemaComPreparacao/listar.php HTTP/1.1" 200 1685
::1 - - [10/Jul/2020:16:11:31 -0300] "GET /megulhandoNoTemaComPreparacao/atualizar.php?id=6&nome=Mouse&preco=150&quantidade=4 HTTP/1.1" 200 1766
::1 - - [10/Jul/2020:16:11:35 -0300] "POST /megulhandoNoTemaComPreparacao/atualizarAction.php HTTP/1.1" 200 740
::1 - - [10/Jul/2020:16:11:35 -0300] "GET /megulhandoNoTemaComPreparacao/listar.php HTTP/1.1" 200 1685
::1 - - [10/Jul/2020:16:12:50 -0300] "GET /megulhandoNoTemaComPreparacao/atualizar.php?id=6&nome=Mouse&preco=150&quantidade=4 HTTP/1.1" 200 1766
::1 - - [10/Jul/2020:16:12:53 -0300] "POST /megulhandoNoTemaComPreparacao/atualizarAction.php HTTP/1.1" 200 740
::1 - - [10/Jul/2020:16:12:54 -0300] "GET /megulhandoNoTemaComPreparacao/listar.php HTTP/1.1" 200 1685
::1 - - [10/Jul/2020:16:13:35 -0300] "GET /megulhandoNoTemaComPreparacao/index.php HTTP/1.1" 200 1923
::1 - - [10/Jul/2020:16:13:37 -0300] "GET /megulhandoNoTemaComPreparacao/listar.php HTTP/1.1" 200 1685
::1 - - [10/Jul/2020:16:13:37 -0300] "GET /favicon.ico HTTP/1.1" 404 209
::1 - - [10/Jul/2020:16:13:38 -0300] "GET /megulhandoNoTemaComPreparacao/atualizar.php?id=6&nome=Mouse&preco=150&quantidade=5 HTTP/1.1" 200 1766
::1 - - [10/Jul/2020:16:13:41 -0300] "POST /megulhandoNoTemaComPreparacao/atualizarAction.php HTTP/1.1" 200 730
::1 - - [10/Jul/2020:16:28:03 -0300] "GET / HTTP/1.1" 200 405
::1 - - [10/Jul/2020:16:28:03 -0300] "GET /favicon.ico HTTP/1.1" 404 209
::1 - - [10/Jul/2020:16:28:05 -0300] "GET /voceNoComando/ HTTP/1.1" 200 290
::1 - - [10/Jul/2020:16:28:06 -0300] "GET /voceNoComando/tabelaEstados.php HTTP/1.1" 200 201
::1 - - [10/Jul/2020:16:28:18 -0300] "GET /voceNoComando/tabelaEstados.php HTTP/1.1" 200 1038
::1 - - [10/Jul/2020:16:28:57 -0300] "GET / HTTP/1.1" 200 405
::1 - - [10/Jul/2020:16:28:57 -0300] "GET /favicon.ico HTTP/1.1" 404 209
::1 - - [10/Jul/2020:16:28:58 -0300] "GET /voceNoComando/ HTTP/1.1" 200 290
::1 - - [10/Jul/2020:16:28:59 -0300] "GET /voceNoComando/tabelaEstados.php HTTP/1.1" 200 1038
::1 - - [10/Jul/2020:16:29:17 -0300] "GET /voceNoComando/tabelaEstados.php HTTP/1.1" 200 1038
::1 - - [10/Jul/2020:16:29:40 -0300] "GET /voceNoComando/tabelaEstados.php HTTP/1.1" 200 1145
::1 - - [10/Jul/2020:16:29:55 -0300] "GET /voceNoComando/tabelaEstados.php HTTP/1.1" 200 208
::1 - - [10/Jul/2020:16:30:09 -0300] "GET /voceNoComando/tabelaEstados.php HTTP/1.1" 200 208
::1 - - [10/Jul/2020:16:30:25 -0300] "GET /voceNoComando/tabelaEstados.php HTTP/1.1" 200 1145
::1 - - [10/Jul/2020:16:30:25 -0300] "GET /voceNoComando/tabelaEstados.php HTTP/1.1" 200 1145
::1 - - [10/Jul/2020:16:31:29 -0300] "GET /voceNoComando/tabelaEstados.php HTTP/1.1" 200 260
::1 - - [10/Jul/2020:16:31:29 -0300] "GET /favicon.ico HTTP/1.1" 404 209
::1 - - [10/Jul/2020:16:31:36 -0300] "GET /voceNoComando/tabelaEstados.php HTTP/1.1" 200 1145
::1 - - [10/Jul/2020:16:31:36 -0300] "GET /favicon.ico HTTP/1.1" 404 209
::1 - - [10/Jul/2020:16:35:08 -0300] "GET /voceNoComando/tabelaEstados.php HTTP/1.1" 200 1145
::1 - - [10/Jul/2020:16:35:43 -0300] "GET /voceNoComando/tabelaEstados.php HTTP/1.1" 200 1263
::1 - - [10/Jul/2020:16:35:43 -0300] "GET /favicon.ico HTTP/1.1" 404 209
::1 - - [10/Jul/2020:16:35:49 -0300] "GET /voceNoComando/tabelaEstados.php HTTP/1.1" 200 2289
::1 - - [10/Jul/2020:16:35:49 -0300] "GET /favicon.ico HTTP/1.1" 404 209
::1 - - [10/Jul/2020:16:36:47 -0300] "GET /voceNoComando/tabelaEstados.php HTTP/1.1" 200 2283
::1 - - [10/Jul/2020:16:36:47 -0300] "GET /favicon.ico HTTP/1.1" 404 209
::1 - - [10/Jul/2020:16:37:22 -0300] "GET /voceNoComando/tabelaEstados.php HTTP/1.1" 200 2299
::1 - - [10/Jul/2020:16:37:22 -0300] "GET /favicon.ico HTTP/1.1" 404 209
